76 65 3 58 16 27 55 54 51 43 6 0 81 139 42 1 10 111 23 98 7 86 4 14 11 135 32 41 33 15 85 24 62 143 25 26 29 157 78 74 20 37 44 17 79 8 136 22 13 90 173 109 121 94 87 45 46 5 174 77 61 35 93 84 167 71 170 97 30 75 34 59 36 21 49 38 88 39 47 28 129 60 96 105 131 169 63 12 57 125 119 9 72 175 168 73 108 146 123 52 113 112 40 118 114 149 104 116 70 2 120 132 141 48 107 19 163 124 110 103 106 69 18 100 128 68 162 152 140 158 99 151 166 117 156 142 180 130 126 144 82 89 56 115 171 148 155 133 134 164 179 176 159 138 154 160 95 172 150 161 101 83 181 153 178 177 137 

2018-11-10 17:18:29

G1: OCD-vs-CONTROL-OCD-1000
n    = 167
m    = 1000
#connectedComponents = 3
Largest connectedComponents (nodes, edges) = (160, 993) (4, 4) (3, 3) 

G2: OCD-vs-CONTROL-CON-1000
n    = 182
m    = 1000
#connectedComponents = 3
Largest connectedComponents (nodes, edges) = (178, 998) (2, 1) (2, 1) 

Method: SANA_s3
Temperature schedule:
T_initial: 0.0749894
T_decay: 7.77122
Optimize: 
weight s3: 1
Execution time: 5m

execution time = 370.797

Seed: 526913744

Scores:
ec: 0.604
ics: 0.713948
mec: 1
ses: -1
ics: 0.713948
s3: 0.486312
lccs: 0.829393
sec: 0.604

Common subgraph:
n    = 167
m    = 604
#connectedComponents = 17
Largest connectedComponents (nodes, edges) = (142, 592) (6, 8) (3, 2) 

Common connected subgraphs:
Graph  n    m     alig-edges  indu-edges  EC        ICS       S3        
G1     167  1000  604         846         0.604000  0.713948  0.486312  
CCS_0  142  592   592         809         1.000000  0.731768  0.731768  
CCS_1  6    8     8           8           1.000000  1.000000  1.000000  
CCS_2  3    2     2           2           1.000000  1.000000  1.000000  
CCS_3  2    1     1           1           1.000000  1.000000  1.000000  
CCS_4  2    1     1           1           1.000000  1.000000  1.000000  

