11 55 0 26 39 181 40 91 44 36 50 89 88 5 63 48 71 163 129 42 51 54 8 169 32 187 177 101 142 119 128 97 138 174 1 98 10 141 52 100 22 96 144 49 188 130 61 113 150 78 139 105 94 53 81 3 33 76 31 74 153 149 43 116 20 166 159 103 28 108 134 136 27 41 158 34 17 24 25 131 191 92 125 118 121 87 75 189 175 104 37 45 156 16 157 56 15 140 4 18 152 162 155 38 109 14 2 122 67 123 13 19 190 23 147 46 160 47 65 120 29 93 148 124 84 115 127 21 7 145 68 30 173 59 171 110 170 12 66 172 164 132 151 102 161 114 167 193 126 154 178 6 185 184 192 85 35 165 135 57 58 146 99 194 112 60 176 79 64 82 70 143 86 90 77 117 80 133 179 83 

2018-11-10 17:10:32

G1: OCD-vs-CONTROL-OCD
n    = 180
m    = 1988
#connectedComponents = 2
Largest connectedComponents (nodes, edges) = (178, 1987) (2, 1) 

G2: OCD-vs-CONTROL-CON
n    = 195
m    = 1990
#connectedComponents = 1
Largest connectedComponents (nodes, edges) = (195, 1990) 

Method: SANA_s3
Temperature schedule:
T_initial: 0.0749894
T_decay: 8.63469
Optimize: 
weight s3: 1
Execution time: 5m

execution time = 359.339

Seed: 526913035

Scores:
ec: 0.617706
ics: 0.693785
mec: 1
ses: -1
ics: 0.693785
s3: 0.485375
lccs: 0.915843
sec: 0.617396

Common subgraph:
n    = 180
m    = 1228
#connectedComponents = 8
Largest connectedComponents (nodes, edges) = (171, 1226) (2, 1) (2, 1) 

Common connected subgraphs:
Graph  n    m     alig-edges  indu-edges  EC        ICS       S3        
G1     180  1988  1228        1770        0.617706  0.693785  0.485375  
CCS_0  171  1226  1226        1757        1.000000  0.697780  0.697780  
CCS_1  2    1     1           1           1.000000  1.000000  1.000000  
CCS_2  2    1     1           1           1.000000  1.000000  1.000000  
CCS_3  1    0     0           0           -nan      -nan      -nan      
CCS_4  1    0     0           0           -nan      -nan      -nan      

